[    60.278] 
X.Org X Server 1.21.1.8
X Protocol Version 11, Revision 0
[    60.279] Current Operating System: Linux natemachine 6.2.9-arch1-1 #1 SMP PREEMPT_DYNAMIC Thu, 30 Mar 2023 14:51:14 +0000 x86_64
[    60.279] Kernel command line: BOOT_IMAGE=/boot/vmlinuz-linux root=UUID=eb34f654-13a1-4696-98c2-fdb5ce8be452 rw loglevel=3 quiet pcspkr.blacklist=1
[    60.279]  
[    60.279] Current version of pixman: 0.42.2
[    60.280] 	Before reporting problems, check http://wiki.x.org
	to make sure that you have the latest version.
[    60.280] Markers: (--) probed, (**) from config file, (==) default setting,
	(++) from command line, (!!) notice, (II) informational,
	(WW) warning, (EE) error, (NI) not implemented, (??) unknown.
[    60.281] (==) Log file: "/home/naitoriba/.local/share/xorg/Xorg.0.log", Time: Tue Apr  4 20:33:20 2023
[    60.283] (==) Using config directory: "/etc/X11/xorg.conf.d"
[    60.283] (==) Using system config directory "/usr/share/X11/xorg.conf.d"
[    60.284] (==) No Layout section.  Using the first Screen section.
[    60.285] (==) No screen section available. Using defaults.
[    60.285] (**) |-->Screen "Default Screen Section" (0)
[    60.285] (**) |   |-->Monitor "<default monitor>"
[    60.285] (==) No monitor specified for screen "Default Screen Section".
	Using a default monitor configuration.
[    60.285] (==) Automatically adding devices
[    60.285] (==) Automatically enabling devices
[    60.285] (==) Automatically adding GPU devices
[    60.285] (==) Automatically binding GPU devices
[    60.285] (==) Max clients allowed: 256, resource mask: 0x1fffff
[    60.287] (WW) The directory "/usr/share/fonts/OTF" does not exist.
[    60.287] 	Entry deleted from font path.
[    60.287] (WW) The directory "/usr/share/fonts/Type1" does not exist.
[    60.287] 	Entry deleted from font path.
[    60.290] (==) FontPath set to:
	/usr/share/fonts/misc,
	/usr/share/fonts/TTF,
	/usr/share/fonts/100dpi,
	/usr/share/fonts/75dpi
[    60.290] (==) ModulePath set to "/usr/lib/xorg/modules"
[    60.290] (II) The server relies on udev to provide the list of input devices.
	If no devices become available, reconfigure udev or disable AutoAddDevices.
[    60.290] (II) Module ABI versions:
[    60.290] 	X.Org ANSI C Emulation: 0.4
[    60.290] 	X.Org Video Driver: 25.2
[    60.290] 	X.Org XInput driver : 24.4
[    60.290] 	X.Org Server Extension : 10.0
[    60.292] (++) using VT number 1

[    60.295] (II) systemd-logind: took control of session /org/freedesktop/login1/session/_32
[    60.298] (II) xfree86: Adding drm device (/dev/dri/card0)
[    60.298] (II) Platform probe for /sys/devices/pci0000:00/0000:00:02.0/drm/card0
[    60.300] (II) systemd-logind: got fd for /dev/dri/card0 226:0 fd 13 paused 0
[    60.312] (--) PCI:*(0@0:2:0) 8086:2a42:17aa:20e4 rev 7, Mem @ 0xfd400000/4194304, 0xd0000000/268435456, I/O @ 0x00005c00/8, BIOS @ 0x????????/131072
[    60.312] (--) PCI: (0@0:2:1) 8086:2a43:17aa:20e4 rev 7, Mem @ 0xfd300000/1048576
[    60.312] (WW) Open ACPI failed (/var/run/acpid.socket) (No such file or directory)
[    60.312] (II) LoadModule: "glx"
[    60.314] (II) Loading /usr/lib/xorg/modules/extensions/libglx.so
[    60.327] (II) Module glx: vendor="X.Org Foundation"
[    60.327] 	compiled for 1.21.1.8, module version = 1.0.0
[    60.327] 	ABI class: X.Org Server Extension, version 10.0
[    60.327] (==) Matched intel as autoconfigured driver 0
[    60.327] (==) Matched modesetting as autoconfigured driver 1
[    60.327] (==) Matched fbdev as autoconfigured driver 2
[    60.327] (==) Matched vesa as autoconfigured driver 3
[    60.327] (==) Assigned the driver to the xf86ConfigLayout
[    60.327] (II) LoadModule: "intel"
[    60.328] (WW) Warning, couldn't open module intel
[    60.328] (EE) Failed to load module "intel" (module does not exist, 0)
[    60.328] (II) LoadModule: "modesetting"
[    60.328] (II) Loading /usr/lib/xorg/modules/drivers/modesetting_drv.so
[    60.333] (II) Module modesetting: vendor="X.Org Foundation"
[    60.333] 	compiled for 1.21.1.8, module version = 1.21.1
[    60.333] 	Module class: X.Org Video Driver
[    60.333] 	ABI class: X.Org Video Driver, version 25.2
[    60.333] (II) LoadModule: "fbdev"
[    60.333] (WW) Warning, couldn't open module fbdev
[    60.333] (EE) Failed to load module "fbdev" (module does not exist, 0)
[    60.333] (II) LoadModule: "vesa"
[    60.333] (II) Loading /usr/lib/xorg/modules/drivers/vesa_drv.so
[    60.334] (II) Module vesa: vendor="X.Org Foundation"
[    60.334] 	compiled for 1.21.1.4, module version = 2.6.0
[    60.334] 	Module class: X.Org Video Driver
[    60.334] 	ABI class: X.Org Video Driver, version 25.2
[    60.334] (II) modesetting: Driver for Modesetting Kernel Drivers: kms
[    60.334] (II) VESA: driver for VESA chipsets: vesa
[    60.334] xf86EnableIO: failed to enable I/O ports 0000-03ff (Operation not permitted)
[    60.335] (II) modeset(0): using drv /dev/dri/card0
[    60.335] (WW) VGA arbiter: cannot open kernel arbiter, no multi-card support
[    60.335] (II) modeset(0): Creating default Display subsection in Screen section
	"Default Screen Section" for depth/fbbpp 24/32
[    60.335] (==) modeset(0): Depth 24, (==) framebuffer bpp 32
[    60.335] (==) modeset(0): RGB weight 888
[    60.335] (==) modeset(0): Default visual is TrueColor
[    60.335] (II) Loading sub module "glamoregl"
[    60.335] (II) LoadModule: "glamoregl"
[    60.335] (II) Loading /usr/lib/xorg/modules/libglamoregl.so
[    60.350] (II) Module glamoregl: vendor="X.Org Foundation"
[    60.350] 	compiled for 1.21.1.8, module version = 1.0.1
[    60.350] 	ABI class: X.Org ANSI C Emulation, version 0.4
[    60.718] (II) modeset(0): glamor X acceleration enabled on Mesa Mobile Intel® GM45 Express Chipset (CTG)
[    60.718] (II) modeset(0): glamor initialized
[    60.718] (==) modeset(0): VariableRefresh: disabled
[    60.718] (==) modeset(0): AsyncFlipSecondaries: disabled
[    60.718] (II) modeset(0): Output LVDS-1 has no monitor section
[    60.728] (II) modeset(0): Output VGA-1 has no monitor section
[    60.729] (II) modeset(0): Output HDMI-1 has no monitor section
[    60.808] (II) modeset(0): Output DP-1 has no monitor section
[    60.809] (II) modeset(0): Output DP-2 has no monitor section
[    60.809] (II) modeset(0): EDID for output LVDS-1
[    60.809] (II) modeset(0): Manufacturer: LEN  Model: 4050  Serial#: 0
[    60.809] (II) modeset(0): Year: 2007  Week: 0
[    60.809] (II) modeset(0): EDID Version: 1.3
[    60.809] (II) modeset(0): Digital Display Input
[    60.809] (II) modeset(0): Max Image Size [cm]: horiz.: 33  vert.: 21
[    60.810] (II) modeset(0): Gamma: 2.20
[    60.810] (II) modeset(0): DPMS capabilities: StandBy Suspend Off
[    60.810] (II) modeset(0): Supported color encodings: RGB 4:4:4 YCrCb 4:4:4 
[    60.810] (II) modeset(0): First detailed timing is preferred mode
[    60.810] (II) modeset(0): redX: 0.600 redY: 0.351   greenX: 0.324 greenY: 0.554
[    60.810] (II) modeset(0): blueX: 0.153 blueY: 0.145   whiteX: 0.312 whiteY: 0.328
[    60.810] (II) modeset(0): Manufacturer's mask: 0
[    60.810] (II) modeset(0): Supported detailed timing:
[    60.810] (II) modeset(0): clock: 70.5 MHz   Image Size:  331 x 207 mm
[    60.810] (II) modeset(0): h_active: 1280  h_sync: 1320  h_sync_end 1352 h_blank_end 1424 h_border: 0
[    60.810] (II) modeset(0): v_active: 800  v_sync: 806  v_sync_end 812 v_blanking: 825 v_border: 0
[    60.810] (II) modeset(0): Supported detailed timing:
[    60.810] (II) modeset(0): clock: 58.8 MHz   Image Size:  331 x 207 mm
[    60.810] (II) modeset(0): h_active: 1280  h_sync: 1320  h_sync_end 1352 h_blank_end 1424 h_border: 0
[    60.810] (II) modeset(0): v_active: 800  v_sync: 806  v_sync_end 812 v_blanking: 825 v_border: 0
[    60.810] (II) modeset(0): Unknown vendor-specific block f
[    60.810] (II) modeset(0):  154WX5-TLB1
[    60.810] (II) modeset(0): EDID (in hex):
[    60.810] (II) modeset(0): 	00ffffffffffff0030ae504000000000
[    60.810] (II) modeset(0): 	0011010380211578eab3409959538d27
[    60.810] (II) modeset(0): 	25505400000001010101010101010101
[    60.810] (II) modeset(0): 	0101010101018a1b0090502019302820
[    60.810] (II) modeset(0): 	66004bcf10000019f316009050201930
[    60.810] (II) modeset(0): 	282066004bcf100000190000000f0081
[    60.810] (II) modeset(0): 	0a32810a28140100320c011f000000fe
[    60.810] (II) modeset(0): 	003135345758352d544c42310a2000ac
[    60.811] (II) modeset(0): Printing probed modes for output LVDS-1
[    60.811] (II) modeset(0): Modeline "1280x800"x60.0   70.50  1280 1320 1352 1424  800 806 812 825 -hsync -vsync (49.5 kHz eP)
[    60.811] (II) modeset(0): Modeline "1280x800"x120.0  174.25  1280 1380 1516 1752  800 801 804 829 doublescan -hsync +vsync (99.5 kHz d)
[    60.811] (II) modeset(0): Modeline "1280x800"x119.9  134.25  1280 1304 1320 1360  800 801 804 823 doublescan +hsync -vsync (98.7 kHz d)
[    60.811] (II) modeset(0): Modeline "1280x800"x59.8   83.50  1280 1352 1480 1680  800 803 809 831 -hsync +vsync (49.7 kHz d)
[    60.811] (II) modeset(0): Modeline "1280x800"x59.9   71.00  1280 1328 1360 1440  800 803 809 823 +hsync -vsync (49.3 kHz d)
[    60.811] (II) modeset(0): Modeline "1280x800"x50.0   58.75  1280 1320 1352 1424  800 806 812 825 -hsync -vsync (41.3 kHz e)
[    60.811] (II) modeset(0): Modeline "1280x720"x120.0  156.12  1280 1376 1512 1744  720 721 724 746 doublescan -hsync +vsync (89.5 kHz d)
[    60.811] (II) modeset(0): Modeline "1280x720"x120.0  120.75  1280 1304 1320 1360  720 721 724 740 doublescan +hsync -vsync (88.8 kHz d)
[    60.811] (II) modeset(0): Modeline "1280x720"x59.9   74.50  1280 1344 1472 1664  720 723 728 748 -hsync +vsync (44.8 kHz d)
[    60.811] (II) modeset(0): Modeline "1280x720"x59.7   63.75  1280 1328 1360 1440  720 723 728 741 +hsync -vsync (44.3 kHz d)
[    60.811] (II) modeset(0): Modeline "1024x768"x120.1  133.47  1024 1100 1212 1400  768 768 770 794 doublescan -hsync +vsync (95.3 kHz d)
[    60.811] (II) modeset(0): Modeline "1024x768"x60.0   65.00  1024 1048 1184 1344  768 771 777 806 -hsync -vsync (48.4 kHz d)
[    60.811] (II) modeset(0): Modeline "960x720"x120.0  117.00  960 1024 1128 1300  720 720 722 750 doublescan -hsync +vsync (90.0 kHz d)
[    60.811] (II) modeset(0): Modeline "928x696"x120.1  109.15  928 976 1088 1264  696 696 698 719 doublescan -hsync +vsync (86.4 kHz d)
[    60.811] (II) modeset(0): Modeline "896x672"x120.0  102.40  896 960 1060 1224  672 672 674 697 doublescan -hsync +vsync (83.7 kHz d)
[    60.811] (II) modeset(0): Modeline "1024x576"x119.9   98.50  1024 1092 1200 1376  576 577 580 597 doublescan -hsync +vsync (71.6 kHz d)
[    60.811] (II) modeset(0): Modeline "1024x576"x119.9   78.38  1024 1048 1064 1104  576 577 580 592 doublescan +hsync -vsync (71.0 kHz d)
[    60.811] (II) modeset(0): Modeline "1024x576"x59.9   46.50  1024 1064 1160 1296  576 579 584 599 -hsync +vsync (35.9 kHz d)
[    60.811] (II) modeset(0): Modeline "1024x576"x59.8   42.00  1024 1072 1104 1184  576 579 584 593 +hsync -vsync (35.5 kHz d)
[    60.811] (II) modeset(0): Modeline "960x600"x119.9   96.62  960 1028 1128 1296  600 601 604 622 doublescan -hsync +vsync (74.6 kHz d)
[    60.811] (II) modeset(0): Modeline "960x600"x120.0   77.00  960 984 1000 1040  600 601 604 617 doublescan +hsync -vsync (74.0 kHz d)
[    60.811] (II) modeset(0): Modeline "960x540"x119.9   86.50  960 1024 1124 1288  540 541 544 560 doublescan -hsync +vsync (67.2 kHz d)
[    60.811] (II) modeset(0): Modeline "960x540"x120.0   69.25  960 984 1000 1040  540 541 544 555 doublescan +hsync -vsync (66.6 kHz d)
[    60.811] (II) modeset(0): Modeline "960x540"x59.6   40.75  960 992 1088 1216  540 543 548 562 -hsync +vsync (33.5 kHz d)
[    60.812] (II) modeset(0): Modeline "960x540"x59.8   37.25  960 1008 1040 1120  540 543 548 556 +hsync -vsync (33.3 kHz d)
[    60.812] (II) modeset(0): Modeline "800x600"x120.0   81.00  800 832 928 1080  600 600 602 625 doublescan +hsync +vsync (75.0 kHz d)
[    60.812] (II) modeset(0): Modeline "800x600"x60.3   40.00  800 840 968 1056  600 601 605 628 +hsync +vsync (37.9 kHz d)
[    60.812] (II) modeset(0): Modeline "800x600"x56.2   36.00  800 824 896 1024  600 601 603 625 +hsync +vsync (35.2 kHz d)
[    60.812] (II) modeset(0): Modeline "840x525"x120.0   73.12  840 892 980 1120  525 526 529 544 doublescan -hsync +vsync (65.3 kHz d)
[    60.812] (II) modeset(0): Modeline "840x525"x119.8   59.50  840 864 880 920  525 526 529 540 doublescan +hsync -vsync (64.7 kHz d)
[    60.812] (II) modeset(0): Modeline "864x486"x59.9   32.50  864 888 968 1072  486 489 494 506 -hsync +vsync (30.3 kHz d)
[    60.812] (II) modeset(0): Modeline "864x486"x59.6   30.50  864 912 944 1024  486 489 494 500 +hsync -vsync (29.8 kHz d)
[    60.812] (II) modeset(0): Modeline "700x525"x120.0   61.00  700 744 820 940  525 526 532 541 doublescan +hsync +vsync (64.9 kHz d)
[    60.812] (II) modeset(0): Modeline "800x450"x119.9   59.12  800 848 928 1056  450 451 454 467 doublescan -hsync +vsync (56.0 kHz d)
[    60.812] (II) modeset(0): Modeline "800x450"x119.6   48.75  800 824 840 880  450 451 454 463 doublescan +hsync -vsync (55.4 kHz d)
[    60.812] (II) modeset(0): Modeline "640x512"x120.0   54.00  640 664 720 844  512 512 514 533 doublescan +hsync +vsync (64.0 kHz d)
[    60.812] (II) modeset(0): Modeline "700x450"x119.9   51.75  700 740 812 924  450 451 456 467 doublescan -hsync +vsync (56.0 kHz d)
[    60.812] (II) modeset(0): Modeline "700x450"x119.8   43.25  700 724 740 780  450 451 456 463 doublescan +hsync -vsync (55.4 kHz d)
[    60.812] (II) modeset(0): Modeline "640x480"x120.0   54.00  640 688 744 900  480 480 482 500 doublescan +hsync +vsync (60.0 kHz d)
[    60.812] (II) modeset(0): Modeline "640x480"x59.9   25.18  640 656 752 800  480 490 492 525 -hsync -vsync (31.5 kHz d)
[    60.812] (II) modeset(0): Modeline "720x405"x59.5   22.50  720 744 808 896  405 408 413 422 -hsync +vsync (25.1 kHz d)
[    60.812] (II) modeset(0): Modeline "720x405"x59.0   21.75  720 768 800 880  405 408 413 419 +hsync -vsync (24.7 kHz d)
[    60.812] (II) modeset(0): Modeline "684x384"x119.8   42.62  684 720 788 892  384 385 390 399 doublescan -hsync +vsync (47.8 kHz d)
[    60.812] (II) modeset(0): Modeline "684x384"x119.7   36.12  684 708 724 764  384 385 390 395 doublescan +hsync -vsync (47.3 kHz d)
[    60.812] (II) modeset(0): Modeline "640x400"x119.8   41.75  640 676 740 840  400 401 404 415 doublescan -hsync +vsync (49.7 kHz d)
[    60.812] (II) modeset(0): Modeline "640x400"x120.0   35.50  640 664 680 720  400 401 404 411 doublescan +hsync -vsync (49.3 kHz d)
[    60.812] (II) modeset(0): Modeline "640x360"x119.7   37.25  640 672 736 832  360 361 364 374 doublescan -hsync +vsync (44.8 kHz d)
[    60.812] (II) modeset(0): Modeline "640x360"x119.7   31.88  640 664 680 720  360 361 364 370 doublescan +hsync -vsync (44.3 kHz d)
[    60.812] (II) modeset(0): Modeline "640x360"x59.8   18.00  640 664 720 800  360 363 368 376 -hsync +vsync (22.5 kHz d)
[    60.812] (II) modeset(0): Modeline "640x360"x59.3   17.75  640 688 720 800  360 363 368 374 +hsync -vsync (22.2 kHz d)
[    60.812] (II) modeset(0): Modeline "512x384"x120.0   32.50  512 524 592 672  384 385 388 403 doublescan -hsync -vsync (48.4 kHz d)
[    60.812] (II) modeset(0): Modeline "512x288"x120.0   23.25  512 532 580 648  288 289 292 299 doublescan -hsync +vsync (35.9 kHz d)
[    60.812] (II) modeset(0): Modeline "512x288"x119.8   21.00  512 536 552 592  288 289 292 296 doublescan +hsync -vsync (35.5 kHz d)
[    60.812] (II) modeset(0): Modeline "480x270"x119.3   20.38  480 496 544 608  270 271 274 281 doublescan -hsync +vsync (33.5 kHz d)
[    60.812] (II) modeset(0): Modeline "480x270"x119.6   18.62  480 504 520 560  270 271 274 278 doublescan +hsync -vsync (33.3 kHz d)
[    60.812] (II) modeset(0): Modeline "400x300"x120.6   20.00  400 420 484 528  300 300 302 314 doublescan +hsync +vsync (37.9 kHz d)
[    60.813] (II) modeset(0): Modeline "400x300"x112.7   18.00  400 412 448 512  300 300 301 312 doublescan +hsync +vsync (35.2 kHz d)
[    60.813] (II) modeset(0): Modeline "432x243"x119.8   16.25  432 444 484 536  243 244 247 253 doublescan -hsync +vsync (30.3 kHz d)
[    60.813] (II) modeset(0): Modeline "432x243"x119.1   15.25  432 456 472 512  243 244 247 250 doublescan +hsync -vsync (29.8 kHz d)
[    60.813] (II) modeset(0): Modeline "320x240"x120.1   12.59  320 328 376 400  240 245 246 262 doublescan -hsync -vsync (31.5 kHz d)
[    60.813] (II) modeset(0): Modeline "360x202"x119.0   11.25  360 372 404 448  202 204 206 211 doublescan -hsync +vsync (25.1 kHz d)
[    60.813] (II) modeset(0): Modeline "360x202"x118.3   10.88  360 384 400 440  202 204 206 209 doublescan +hsync -vsync (24.7 kHz d)
[    60.813] (II) modeset(0): Modeline "320x180"x119.7    9.00  320 332 360 400  180 181 184 188 doublescan -hsync +vsync (22.5 kHz d)
[    60.813] (II) modeset(0): Modeline "320x180"x118.6    8.88  320 344 360 400  180 181 184 187 doublescan +hsync -vsync (22.2 kHz d)
[    60.822] (II) modeset(0): EDID for output VGA-1
[    60.823] (II) modeset(0): EDID for output HDMI-1
[    60.902] (II) modeset(0): EDID for output DP-1
[    60.902] (II) modeset(0): EDID for output DP-2
[    60.902] (II) modeset(0): Output LVDS-1 connected
[    60.902] (II) modeset(0): Output VGA-1 disconnected
[    60.902] (II) modeset(0): Output HDMI-1 disconnected
[    60.902] (II) modeset(0): Output DP-1 disconnected
[    60.902] (II) modeset(0): Output DP-2 disconnected
[    60.902] (II) modeset(0): Using exact sizes for initial modes
[    60.902] (II) modeset(0): Output LVDS-1 using initial mode 1280x800 +0+0
[    60.902] (==) modeset(0): Using gamma correction (1.0, 1.0, 1.0)
[    60.902] (==) modeset(0): DPI set to (96, 96)
[    60.902] (II) Loading sub module "fb"
[    60.902] (II) LoadModule: "fb"
[    60.902] (II) Module "fb" already built-in
[    60.902] (II) UnloadModule: "vesa"
[    60.902] (II) Unloading vesa
[    60.992] (==) modeset(0): Backing store enabled
[    60.992] (==) modeset(0): Silken mouse enabled
[    61.014] (II) modeset(0): Initializing kms color map for depth 24, 8 bpc.
[    61.014] (==) modeset(0): DPMS enabled
[    61.014] (II) modeset(0): [DRI2] Setup complete
[    61.014] (II) modeset(0): [DRI2]   DRI driver: crocus
[    61.014] (II) modeset(0): [DRI2]   VDPAU driver: va_gl
[    61.014] (II) Initializing extension Generic Event Extension
[    61.015] (II) Initializing extension SHAPE
[    61.015] (II) Initializing extension MIT-SHM
[    61.015] (II) Initializing extension XInputExtension
[    61.016] (II) Initializing extension XTEST
[    61.016] (II) Initializing extension BIG-REQUESTS
[    61.017] (II) Initializing extension SYNC
[    61.017] (II) Initializing extension XKEYBOARD
[    61.017] (II) Initializing extension XC-MISC
[    61.018] (II) Initializing extension SECURITY
[    61.018] (II) Initializing extension XFIXES
[    61.019] (II) Initializing extension RENDER
[    61.019] (II) Initializing extension RANDR
[    61.020] (II) Initializing extension COMPOSITE
[    61.020] (II) Initializing extension DAMAGE
[    61.021] (II) Initializing extension MIT-SCREEN-SAVER
[    61.021] (II) Initializing extension DOUBLE-BUFFER
[    61.022] (II) Initializing extension RECORD
[    61.022] (II) Initializing extension DPMS
[    61.022] (II) Initializing extension Present
[    61.023] (II) Initializing extension DRI3
[    61.023] (II) Initializing extension X-Resource
[    61.023] (II) Initializing extension XVideo
[    61.024] (II) Initializing extension XVideo-MotionCompensation
[    61.024] (II) Initializing extension GLX
[    61.039] (II) AIGLX: Loaded and initialized crocus
[    61.039] (II) GLX: Initialized DRI2 GL provider for screen 0
[    61.039] (II) Initializing extension XFree86-VidModeExtension
[    61.040] (II) Initializing extension XFree86-DGA
[    61.040] (II) Initializing extension XFree86-DRI
[    61.040] (II) Initializing extension DRI2
[    61.041] (II) modeset(0): Damage tracking initialized
[    61.041] (II) modeset(0): Setting screen physical size to 338 x 211
[    61.343] (II) config/udev: Adding input device Power Button (/dev/input/event2)
[    61.343] (**) Power Button: Applying InputClass "libinput keyboard catchall"
[    61.343] (II) LoadModule: "libinput"
[    61.343] (II) Loading /usr/lib/xorg/modules/input/libinput_drv.so
[    61.352] (II) Module libinput: vendor="X.Org Foundation"
[    61.352] 	compiled for 1.21.1.3, module version = 1.2.1
[    61.352] 	Module class: X.Org XInput Driver
[    61.352] 	ABI class: X.Org XInput driver, version 24.4
[    61.352] (II) Using input driver 'libinput' for 'Power Button'
[    61.355] (II) systemd-logind: got fd for /dev/input/event2 13:66 fd 27 paused 0
[    61.355] (**) Power Button: always reports core events
[    61.355] (**) Option "Device" "/dev/input/event2"
[    61.368] (II) event2  - Power Button: is tagged by udev as: Keyboard
[    61.368] (II) event2  - Power Button: device is a keyboard
[    61.369] (II) event2  - Power Button: device removed
[    61.369] (**) Option "config_info" "udev:/sys/devices/LNXSYSTM:00/LNXPWRBN:00/input/input2/event2"
[    61.369] (II) XINPUT: Adding extended input device "Power Button" (type: KEYBOARD, id 6)
[    61.372] (II) event2  - Power Button: is tagged by udev as: Keyboard
[    61.372] (II) event2  - Power Button: device is a keyboard
[    61.374] (II) config/udev: Adding input device Video Bus (/dev/input/event4)
[    61.374] (**) Video Bus: Applying InputClass "libinput keyboard catchall"
[    61.374] (II) Using input driver 'libinput' for 'Video Bus'
[    61.376] (II) systemd-logind: got fd for /dev/input/event4 13:68 fd 30 paused 0
[    61.377] (**) Video Bus: always reports core events
[    61.377] (**) Option "Device" "/dev/input/event4"
[    61.380] (II) event4  - Video Bus: is tagged by udev as: Keyboard
[    61.380] (II) event4  - Video Bus: device is a keyboard
[    61.380] (II) event4  - Video Bus: device removed
[    61.380] (**) Option "config_info" "udev:/sys/devices/LNXSYSTM:00/LNXSYBUS:00/PNP0A08:00/LNXVIDEO:00/input/input8/event4"
[    61.380] (II) XINPUT: Adding extended input device "Video Bus" (type: KEYBOARD, id 7)
[    61.384] (II) event4  - Video Bus: is tagged by udev as: Keyboard
[    61.384] (II) event4  - Video Bus: device is a keyboard
[    61.386] (II) config/udev: Adding input device Lid Switch (/dev/input/event1)
[    61.386] (II) No input driver specified, ignoring this device.
[    61.386] (II) This device may have been added with another device file.
[    61.387] (II) config/udev: Adding input device Sleep Button (/dev/input/event0)
[    61.388] (**) Sleep Button: Applying InputClass "libinput keyboard catchall"
[    61.388] (II) Using input driver 'libinput' for 'Sleep Button'
[    61.390] (II) systemd-logind: got fd for /dev/input/event0 13:64 fd 31 paused 0
[    61.390] (**) Sleep Button: always reports core events
[    61.390] (**) Option "Device" "/dev/input/event0"
[    61.393] (II) event0  - Sleep Button: is tagged by udev as: Keyboard
[    61.393] (II) event0  - Sleep Button: device is a keyboard
[    61.393] (II) event0  - Sleep Button: device removed
[    61.393] (**) Option "config_info" "udev:/sys/devices/LNXSYSTM:00/LNXSYBUS:00/PNP0C0E:00/input/input0/event0"
[    61.394] (II) XINPUT: Adding extended input device "Sleep Button" (type: KEYBOARD, id 8)
[    61.397] (II) event0  - Sleep Button: is tagged by udev as: Keyboard
[    61.397] (II) event0  - Sleep Button: device is a keyboard
[    61.400] (II) config/udev: Adding input device HDA Intel Mic (/dev/input/event8)
[    61.400] (II) No input driver specified, ignoring this device.
[    61.400] (II) This device may have been added with another device file.
[    61.401] (II) config/udev: Adding input device HDA Intel Dock Mic (/dev/input/event9)
[    61.401] (II) No input driver specified, ignoring this device.
[    61.402] (II) This device may have been added with another device file.
[    61.403] (II) config/udev: Adding input device HDA Intel Dock Headphone (/dev/input/event10)
[    61.403] (II) No input driver specified, ignoring this device.
[    61.403] (II) This device may have been added with another device file.
[    61.404] (II) config/udev: Adding input device HDA Intel Headphone (/dev/input/event11)
[    61.404] (II) No input driver specified, ignoring this device.
[    61.404] (II) This device may have been added with another device file.
[    61.405] (II) config/udev: Adding input device HDA Intel HDMI/DP,pcm=3 (/dev/input/event12)
[    61.405] (II) No input driver specified, ignoring this device.
[    61.406] (II) This device may have been added with another device file.
[    61.408] (II) config/udev: Adding input device CNF7237&CNF7238: Integrated Cam (/dev/input/event7)
[    61.408] (**) CNF7237&CNF7238: Integrated Cam: Applying InputClass "libinput keyboard catchall"
[    61.408] (II) Using input driver 'libinput' for 'CNF7237&CNF7238: Integrated Cam'
[    61.410] (II) systemd-logind: got fd for /dev/input/event7 13:71 fd 32 paused 0
[    61.410] (**) CNF7237&CNF7238: Integrated Cam: always reports core events
[    61.410] (**) Option "Device" "/dev/input/event7"
[    61.414] (II) event7  - CNF7237&CNF7238: Integrated Cam: is tagged by udev as: Keyboard
[    61.415] (II) event7  - CNF7237&CNF7238: Integrated Cam: device is a keyboard
[    61.415] (II) event7  - CNF7237&CNF7238: Integrated Cam: device removed
[    61.415] (**) Option "config_info" "udev:/sys/devices/pci0000:00/0000:00:1d.7/usb8/8-5/8-5:1.0/input/input15/event7"
[    61.415] (II) XINPUT: Adding extended input device "CNF7237&CNF7238: Integrated Cam" (type: KEYBOARD, id 9)
[    61.419] (II) event7  - CNF7237&CNF7238: Integrated Cam: is tagged by udev as: Keyboard
[    61.420] (II) event7  - CNF7237&CNF7238: Integrated Cam: device is a keyboard
[    61.422] (II) config/udev: Adding input device Asus Laptop extra buttons (/dev/input/event5)
[    61.422] (**) Asus Laptop extra buttons: Applying InputClass "libinput keyboard catchall"
[    61.422] (II) Using input driver 'libinput' for 'Asus Laptop extra buttons'
[    61.424] (II) systemd-logind: got fd for /dev/input/event5 13:69 fd 33 paused 0
[    61.424] (**) Asus Laptop extra buttons: always reports core events
[    61.424] (**) Option "Device" "/dev/input/event5"
[    61.426] (II) event5  - Asus Laptop extra buttons: is tagged by udev as: Keyboard
[    61.427] (II) event5  - Asus Laptop extra buttons: device is a keyboard
[    61.427] (II) event5  - Asus Laptop extra buttons: device removed
[    61.427] (**) Option "config_info" "udev:/sys/devices/platform/asus_laptop/input/input9/event5"
[    61.427] (II) XINPUT: Adding extended input device "Asus Laptop extra buttons" (type: KEYBOARD, id 10)
[    61.430] (II) event5  - Asus Laptop extra buttons: is tagged by udev as: Keyboard
[    61.431] (II) event5  - Asus Laptop extra buttons: device is a keyboard
[    61.433] (II) config/udev: Adding input device AT Translated Set 2 keyboard (/dev/input/event3)
[    61.433] (**) AT Translated Set 2 keyboard: Applying InputClass "libinput keyboard catchall"
[    61.433] (II) Using input driver 'libinput' for 'AT Translated Set 2 keyboard'
[    61.436] (II) systemd-logind: got fd for /dev/input/event3 13:67 fd 34 paused 0
[    61.436] (**) AT Translated Set 2 keyboard: always reports core events
[    61.436] (**) Option "Device" "/dev/input/event3"
[    61.439] (II) event3  - AT Translated Set 2 keyboard: is tagged by udev as: Keyboard
[    61.439] (II) event3  - AT Translated Set 2 keyboard: device is a keyboard
[    61.442] (II) event3  - AT Translated Set 2 keyboard: device removed
[    61.442] (**) Option "config_info" "udev:/sys/devices/platform/i8042/serio0/input/input3/event3"
[    61.442] (II) XINPUT: Adding extended input device "AT Translated Set 2 keyboard" (type: KEYBOARD, id 11)
[    61.445] (II) event3  - AT Translated Set 2 keyboard: is tagged by udev as: Keyboard
[    61.446] (II) event3  - AT Translated Set 2 keyboard: device is a keyboard
[    61.450] (II) config/udev: Adding input device SynPS/2 Synaptics TouchPad (/dev/input/event6)
[    61.450] (**) SynPS/2 Synaptics TouchPad: Applying InputClass "libinput touchpad catchall"
[    61.451] (II) Using input driver 'libinput' for 'SynPS/2 Synaptics TouchPad'
[    61.453] (II) systemd-logind: got fd for /dev/input/event6 13:70 fd 35 paused 0
[    61.453] (**) SynPS/2 Synaptics TouchPad: always reports core events
[    61.453] (**) Option "Device" "/dev/input/event6"
[    61.456] (II) event6  - SynPS/2 Synaptics TouchPad: is tagged by udev as: Touchpad
[    61.461] (II) event6  - SynPS/2 Synaptics TouchPad: device is a touchpad
[    61.462] (II) event6  - SynPS/2 Synaptics TouchPad: device removed
[    61.463] (**) Option "config_info" "udev:/sys/devices/platform/i8042/serio4/input/input13/event6"
[    61.463] (II) XINPUT: Adding extended input device "SynPS/2 Synaptics TouchPad" (type: TOUCHPAD, id 12)
[    61.466] (**) Option "AccelerationScheme" "none"
[    61.466] (**) SynPS/2 Synaptics TouchPad: (accel) selected scheme none/0
[    61.466] (**) SynPS/2 Synaptics TouchPad: (accel) acceleration factor: 2.000
[    61.466] (**) SynPS/2 Synaptics TouchPad: (accel) acceleration threshold: 4
[    61.469] (II) event6  - SynPS/2 Synaptics TouchPad: is tagged by udev as: Touchpad
[    61.474] (II) event6  - SynPS/2 Synaptics TouchPad: device is a touchpad
[    61.477] (II) config/udev: Adding input device SynPS/2 Synaptics TouchPad (/dev/input/mouse0)
[    61.477] (II) No input driver specified, ignoring this device.
[    61.477] (II) This device may have been added with another device file.
[    61.479] (II) config/udev: Adding input device TPPS/2 IBM TrackPoint (/dev/input/event13)
[    61.479] (**) TPPS/2 IBM TrackPoint: Applying InputClass "libinput pointer catchall"
[    61.479] (**) TPPS/2 IBM TrackPoint: Applying InputClass "libinput pointer catchall"
[    61.479] (II) Using input driver 'libinput' for 'TPPS/2 IBM TrackPoint'
[    61.481] (II) systemd-logind: got fd for /dev/input/event13 13:77 fd 36 paused 0
[    61.481] (**) TPPS/2 IBM TrackPoint: always reports core events
[    61.481] (**) Option "Device" "/dev/input/event13"
[    61.485] (II) event13 - TPPS/2 IBM TrackPoint: is tagged by udev as: Mouse Pointingstick
[    61.487] (II) event13 - TPPS/2 IBM TrackPoint: device is a pointer
[    61.491] (II) event13 - TPPS/2 IBM TrackPoint: device removed
[    61.491] (**) Option "AccelSpeed" "-0.8"
[    61.491] (**) Option "config_info" "udev:/sys/devices/platform/i8042/serio4/serio5/input/input14/event13"
[    61.491] (II) XINPUT: Adding extended input device "TPPS/2 IBM TrackPoint" (type: MOUSE, id 13)
[    61.492] (**) Option "AccelerationScheme" "none"
[    61.492] (**) TPPS/2 IBM TrackPoint: (accel) selected scheme none/0
[    61.492] (**) TPPS/2 IBM TrackPoint: (accel) acceleration factor: 2.000
[    61.492] (**) TPPS/2 IBM TrackPoint: (accel) acceleration threshold: 4
[    61.495] (II) event13 - TPPS/2 IBM TrackPoint: is tagged by udev as: Mouse Pointingstick
[    61.497] (II) event13 - TPPS/2 IBM TrackPoint: device is a pointer
[    61.502] (II) config/udev: Adding input device TPPS/2 IBM TrackPoint (/dev/input/mouse1)
[    61.502] (II) No input driver specified, ignoring this device.
[    61.502] (II) This device may have been added with another device file.
[  1684.604] (II) config/udev: removing device Power Button
[  1684.605] (**) Option "fd" "27"
[  1684.605] (II) event2  - Power Button: device removed
[  1684.606] (II) UnloadModule: "libinput"
[  1684.606] (II) systemd-logind: releasing fd for 13:66
[  1684.629] (II) config/udev: Adding input device Power Button (/dev/input/event2)
[  1684.629] (**) Power Button: Applying InputClass "libinput keyboard catchall"
[  1684.629] (II) Using input driver 'libinput' for 'Power Button'
[  1684.631] (II) systemd-logind: got fd for /dev/input/event2 13:66 fd 55 paused 0
[  1684.631] (**) Power Button: always reports core events
[  1684.631] (**) Option "Device" "/dev/input/event2"
[  1684.632] (II) event2  - Power Button: is tagged by udev as: Keyboard
[  1684.633] (II) event2  - Power Button: device is a keyboard
[  1684.633] (II) event2  - Power Button: device removed
[  1684.633] (**) Option "config_info" "udev:/sys/devices/LNXSYSTM:00/LNXPWRBN:00/input/input2/event2"
[  1684.633] (II) XINPUT: Adding extended input device "Power Button" (type: KEYBOARD, id 6)
[  1684.636] (II) event2  - Power Button: is tagged by udev as: Keyboard
[  1684.637] (II) event2  - Power Button: device is a keyboard
[  1684.673] (II) config/udev: removing device Video Bus
[  1684.673] (**) Option "fd" "30"
[  1684.673] (II) event4  - Video Bus: device removed
[  1684.676] (II) UnloadModule: "libinput"
[  1684.676] (II) systemd-logind: releasing fd for 13:68
[  1684.689] (II) config/udev: Adding input device Video Bus (/dev/input/event4)
[  1684.689] (**) Video Bus: Applying InputClass "libinput keyboard catchall"
[  1684.689] (II) Using input driver 'libinput' for 'Video Bus'
[  1684.691] (II) systemd-logind: got fd for /dev/input/event4 13:68 fd 30 paused 0
[  1684.691] (**) Video Bus: always reports core events
[  1684.691] (**) Option "Device" "/dev/input/event4"
[  1684.693] (II) event4  - Video Bus: is tagged by udev as: Keyboard
[  1684.693] (II) event4  - Video Bus: device is a keyboard
[  1684.694] (II) event4  - Video Bus: device removed
[  1684.694] (**) Option "config_info" "udev:/sys/devices/LNXSYSTM:00/LNXSYBUS:00/PNP0A08:00/LNXVIDEO:00/input/input8/event4"
[  1684.694] (II) XINPUT: Adding extended input device "Video Bus" (type: KEYBOARD, id 7)
[  1684.698] (II) event4  - Video Bus: is tagged by udev as: Keyboard
[  1684.698] (II) event4  - Video Bus: device is a keyboard
[  1684.794] (II) modeset(0): EDID vendor "LEN", prod id 16464
[  1684.794] (II) modeset(0): Printing DDC gathered Modelines:
[  1684.794] (II) modeset(0): Modeline "1280x800"x0.0   70.50  1280 1320 1352 1424  800 806 812 825 -hsync -vsync (49.5 kHz eP)
[  1684.794] (II) modeset(0): Modeline "1280x800"x0.0   58.75  1280 1320 1352 1424  800 806 812 825 -hsync -vsync (41.3 kHz e)
[  1684.973] (II) modeset(0): EDID vendor "LEN", prod id 16464
[  1684.974] (II) modeset(0): Printing DDC gathered Modelines:
[  1684.974] (II) modeset(0): Modeline "1280x800"x0.0   70.50  1280 1320 1352 1424  800 806 812 825 -hsync -vsync (49.5 kHz eP)
[  1684.974] (II) modeset(0): Modeline "1280x800"x0.0   58.75  1280 1320 1352 1424  800 806 812 825 -hsync -vsync (41.3 kHz e)
[  1685.066] (II) config/udev: removing device Sleep Button
[  1685.066] (**) Option "fd" "31"
[  1685.066] (II) event0  - Sleep Button: device removed
[  1685.067] (II) UnloadModule: "libinput"
[  1685.067] (II) systemd-logind: releasing fd for 13:64
[  1685.119] (II) config/udev: Adding input device Sleep Button (/dev/input/event0)
[  1685.119] (**) Sleep Button: Applying InputClass "libinput keyboard catchall"
[  1685.119] (II) Using input driver 'libinput' for 'Sleep Button'
[  1685.165] (II) systemd-logind: got fd for /dev/input/event0 13:64 fd 31 paused 0
[  1685.165] (**) Sleep Button: always reports core events
[  1685.165] (**) Option "Device" "/dev/input/event0"
[  1685.167] (II) event0  - Sleep Button: is tagged by udev as: Keyboard
[  1685.167] (II) event0  - Sleep Button: device is a keyboard
[  1685.168] (II) event0  - Sleep Button: device removed
[  1685.168] (**) Option "config_info" "udev:/sys/devices/LNXSYSTM:00/LNXSYBUS:00/PNP0C0E:00/input/input0/event0"
[  1685.168] (II) XINPUT: Adding extended input device "Sleep Button" (type: KEYBOARD, id 8)
[  1685.171] (II) event0  - Sleep Button: is tagged by udev as: Keyboard
[  1685.171] (II) event0  - Sleep Button: device is a keyboard
[  1685.177] (II) config/udev: Adding input device Lid Switch (/dev/input/event1)
[  1685.177] (II) No input driver specified, ignoring this device.
[  1685.177] (II) This device may have been added with another device file.
[  1685.182] (II) config/udev: Adding input device HDA Intel Mic (/dev/input/event8)
[  1685.182] (II) No input driver specified, ignoring this device.
[  1685.182] (II) This device may have been added with another device file.
[  1685.183] (II) config/udev: Adding input device HDA Intel HDMI/DP,pcm=3 (/dev/input/event12)
[  1685.183] (II) No input driver specified, ignoring this device.
[  1685.183] (II) This device may have been added with another device file.
[  1685.184] (II) config/udev: Adding input device HDA Intel Dock Mic (/dev/input/event9)
[  1685.184] (II) No input driver specified, ignoring this device.
[  1685.184] (II) This device may have been added with another device file.
[  1685.184] (II) config/udev: Adding input device HDA Intel Headphone (/dev/input/event11)
[  1685.184] (II) No input driver specified, ignoring this device.
[  1685.184] (II) This device may have been added with another device file.
[  1685.185] (II) config/udev: Adding input device HDA Intel Dock Headphone (/dev/input/event10)
[  1685.185] (II) No input driver specified, ignoring this device.
[  1685.185] (II) This device may have been added with another device file.
[  1685.190] (II) config/udev: removing device CNF7237&CNF7238: Integrated Cam
[  1685.190] (**) Option "fd" "32"
[  1685.190] (II) event7  - CNF7237&CNF7238: Integrated Cam: device removed
[  1685.196] (II) UnloadModule: "libinput"
[  1685.196] (II) systemd-logind: releasing fd for 13:71
[  1685.262] (II) config/udev: Adding input device CNF7237&CNF7238: Integrated Cam (/dev/input/event7)
[  1685.262] (**) CNF7237&CNF7238: Integrated Cam: Applying InputClass "libinput keyboard catchall"
[  1685.263] (II) Using input driver 'libinput' for 'CNF7237&CNF7238: Integrated Cam'
[  1685.268] (II) systemd-logind: got fd for /dev/input/event7 13:71 fd 32 paused 0
[  1685.268] (**) CNF7237&CNF7238: Integrated Cam: always reports core events
[  1685.268] (**) Option "Device" "/dev/input/event7"
[  1685.271] (II) event7  - CNF7237&CNF7238: Integrated Cam: is tagged by udev as: Keyboard
[  1685.271] (II) event7  - CNF7237&CNF7238: Integrated Cam: device is a keyboard
[  1685.272] (II) event7  - CNF7237&CNF7238: Integrated Cam: device removed
[  1685.272] (**) Option "config_info" "udev:/sys/devices/pci0000:00/0000:00:1d.7/usb8/8-5/8-5:1.0/input/input15/event7"
[  1685.272] (II) XINPUT: Adding extended input device "CNF7237&CNF7238: Integrated Cam" (type: KEYBOARD, id 9)
[  1685.275] (II) event7  - CNF7237&CNF7238: Integrated Cam: is tagged by udev as: Keyboard
[  1685.275] (II) event7  - CNF7237&CNF7238: Integrated Cam: device is a keyboard
[  1685.279] (II) config/udev: Adding input device TPPS/2 IBM TrackPoint (/dev/input/mouse1)
[  1685.279] (II) No input driver specified, ignoring this device.
[  1685.279] (II) This device may have been added with another device file.
[  1685.283] (II) config/udev: Adding input device SynPS/2 Synaptics TouchPad (/dev/input/mouse0)
[  1685.283] (II) No input driver specified, ignoring this device.
[  1685.283] (II) This device may have been added with another device file.
[  1685.284] (II) config/udev: removing device Asus Laptop extra buttons
[  1685.285] (**) Option "fd" "33"
[  1685.285] (II) event5  - Asus Laptop extra buttons: device removed
[  1685.285] (II) UnloadModule: "libinput"
[  1685.285] (II) systemd-logind: releasing fd for 13:69
[  1685.302] (II) config/udev: Adding input device Asus Laptop extra buttons (/dev/input/event5)
[  1685.302] (**) Asus Laptop extra buttons: Applying InputClass "libinput keyboard catchall"
[  1685.302] (II) Using input driver 'libinput' for 'Asus Laptop extra buttons'
[  1685.306] (II) systemd-logind: got fd for /dev/input/event5 13:69 fd 33 paused 0
[  1685.306] (**) Asus Laptop extra buttons: always reports core events
[  1685.306] (**) Option "Device" "/dev/input/event5"
[  1685.307] (II) event5  - Asus Laptop extra buttons: is tagged by udev as: Keyboard
[  1685.308] (II) event5  - Asus Laptop extra buttons: device is a keyboard
[  1685.309] (II) event5  - Asus Laptop extra buttons: device removed
[  1685.309] (**) Option "config_info" "udev:/sys/devices/platform/asus_laptop/input/input9/event5"
[  1685.309] (II) XINPUT: Adding extended input device "Asus Laptop extra buttons" (type: KEYBOARD, id 10)
[  1685.311] (II) event5  - Asus Laptop extra buttons: is tagged by udev as: Keyboard
[  1685.311] (II) event5  - Asus Laptop extra buttons: device is a keyboard
[  1685.312] (II) config/udev: removing device AT Translated Set 2 keyboard
[  1685.312] (**) Option "fd" "34"
[  1685.313] (II) event3  - AT Translated Set 2 keyboard: device removed
[  1685.313] (II) UnloadModule: "libinput"
[  1685.313] (II) systemd-logind: releasing fd for 13:67
[  1685.329] (II) config/udev: Adding input device AT Translated Set 2 keyboard (/dev/input/event3)
[  1685.329] (**) AT Translated Set 2 keyboard: Applying InputClass "libinput keyboard catchall"
[  1685.329] (II) Using input driver 'libinput' for 'AT Translated Set 2 keyboard'
[  1685.331] (II) systemd-logind: got fd for /dev/input/event3 13:67 fd 34 paused 0
[  1685.331] (**) AT Translated Set 2 keyboard: always reports core events
[  1685.331] (**) Option "Device" "/dev/input/event3"
[  1685.333] (II) event3  - AT Translated Set 2 keyboard: is tagged by udev as: Keyboard
[  1685.333] (II) event3  - AT Translated Set 2 keyboard: device is a keyboard
[  1685.335] (II) event3  - AT Translated Set 2 keyboard: device removed
[  1685.335] (**) Option "config_info" "udev:/sys/devices/platform/i8042/serio0/input/input3/event3"
[  1685.335] (II) XINPUT: Adding extended input device "AT Translated Set 2 keyboard" (type: KEYBOARD, id 11)
[  1685.338] (II) event3  - AT Translated Set 2 keyboard: is tagged by udev as: Keyboard
[  1685.338] (II) event3  - AT Translated Set 2 keyboard: device is a keyboard
[  1685.343] (II) config/udev: removing device SynPS/2 Synaptics TouchPad
[  1685.343] (**) Option "fd" "35"
[  1685.343] (II) event6  - SynPS/2 Synaptics TouchPad: device removed
[  1685.344] (II) UnloadModule: "libinput"
[  1685.344] (II) systemd-logind: releasing fd for 13:70
[  1685.372] (II) config/udev: Adding input device SynPS/2 Synaptics TouchPad (/dev/input/event6)
[  1685.372] (**) SynPS/2 Synaptics TouchPad: Applying InputClass "libinput touchpad catchall"
[  1685.372] (II) Using input driver 'libinput' for 'SynPS/2 Synaptics TouchPad'
[  1685.374] (II) systemd-logind: got fd for /dev/input/event6 13:70 fd 35 paused 0
[  1685.374] (**) SynPS/2 Synaptics TouchPad: always reports core events
[  1685.374] (**) Option "Device" "/dev/input/event6"
[  1685.376] (II) event6  - SynPS/2 Synaptics TouchPad: is tagged by udev as: Touchpad
[  1685.379] (II) event6  - SynPS/2 Synaptics TouchPad: device is a touchpad
[  1685.380] (II) event6  - SynPS/2 Synaptics TouchPad: device removed
[  1685.381] (**) Option "config_info" "udev:/sys/devices/platform/i8042/serio4/input/input13/event6"
[  1685.381] (II) XINPUT: Adding extended input device "SynPS/2 Synaptics TouchPad" (type: TOUCHPAD, id 12)
[  1685.383] (**) Option "AccelerationScheme" "none"
[  1685.383] (**) SynPS/2 Synaptics TouchPad: (accel) selected scheme none/0
[  1685.383] (**) SynPS/2 Synaptics TouchPad: (accel) acceleration factor: 2.000
[  1685.383] (**) SynPS/2 Synaptics TouchPad: (accel) acceleration threshold: 4
[  1685.385] (II) event6  - SynPS/2 Synaptics TouchPad: is tagged by udev as: Touchpad
[  1685.390] (II) event6  - SynPS/2 Synaptics TouchPad: device is a touchpad
[  1685.425] (II) config/udev: removing device TPPS/2 IBM TrackPoint
[  1685.425] (**) Option "fd" "36"
[  1685.425] (II) event13 - TPPS/2 IBM TrackPoint: device removed
[  1685.426] (II) UnloadModule: "libinput"
[  1685.426] (II) systemd-logind: releasing fd for 13:77
[  1685.470] (II) config/udev: Adding input device TPPS/2 IBM TrackPoint (/dev/input/event13)
[  1685.470] (**) TPPS/2 IBM TrackPoint: Applying InputClass "libinput pointer catchall"
[  1685.470] (**) TPPS/2 IBM TrackPoint: Applying InputClass "libinput pointer catchall"
[  1685.470] (II) Using input driver 'libinput' for 'TPPS/2 IBM TrackPoint'
[  1685.472] (II) systemd-logind: got fd for /dev/input/event13 13:77 fd 36 paused 0
[  1685.472] (**) TPPS/2 IBM TrackPoint: always reports core events
[  1685.472] (**) Option "Device" "/dev/input/event13"
[  1685.475] (II) event13 - TPPS/2 IBM TrackPoint: is tagged by udev as: Mouse Pointingstick
[  1685.476] (II) event13 - TPPS/2 IBM TrackPoint: device is a pointer
[  1685.480] (II) event13 - TPPS/2 IBM TrackPoint: device removed
[  1685.480] (**) Option "AccelSpeed" "-0.8"
[  1685.480] (**) Option "config_info" "udev:/sys/devices/platform/i8042/serio4/serio5/input/input14/event13"
[  1685.480] (II) XINPUT: Adding extended input device "TPPS/2 IBM TrackPoint" (type: MOUSE, id 13)
[  1685.481] (**) Option "AccelerationScheme" "none"
[  1685.481] (**) TPPS/2 IBM TrackPoint: (accel) selected scheme none/0
[  1685.482] (**) TPPS/2 IBM TrackPoint: (accel) acceleration factor: 2.000
[  1685.482] (**) TPPS/2 IBM TrackPoint: (accel) acceleration threshold: 4
[  1685.484] (II) event13 - TPPS/2 IBM TrackPoint: is tagged by udev as: Mouse Pointingstick
[  1685.486] (II) event13 - TPPS/2 IBM TrackPoint: device is a pointer
